<?xml version="1.0" encoding="UTF-8"?>
<!-- Generated by org.testng.reporters.JUnitXMLReporter -->
<testsuite ignored="0" hostname="DVCINH6097663" failures="0" tests="5" name="Default test" time="8.027" errors="0" timestamp="2022-09-11T19:20:39 IST">
  <testcase classname="com.automation.Rest.AppTest" name="getListOfAvailableEmployee" time="4.185"/>
  <testcase classname="com.automation.Rest.AppTest" name="getEmployeeByID" time="0.395"/>
  <testcase classname="com.automation.Rest.AppTest" name="CreateEmployee" time="1.852"/>
  <testcase classname="com.automation.Rest.AppTest" name="updateJobValue" time="0.815"/>
  <testcase classname="com.automation.Rest.AppTest" name="deleteEmployee" time="0.669"/>
</testsuite> <!-- Default test -->
