<?xml version="1.0" encoding="UTF-8"?>
<testng-results ignored="0" total="5" passed="5" failed="0" skipped="0">
  <reporter-output>
  </reporter-output>
  <suite started-at="2022-09-11T19:20:31 IST" name="Default suite" finished-at="2022-09-11T19:20:39 IST" duration-ms="8027">
    <groups>
    </groups>
    <test started-at="2022-09-11T19:20:31 IST" name="Default test" finished-at="2022-09-11T19:20:39 IST" duration-ms="8027">
      <class name="com.automation.Rest.AppTest">
        <test-method signature="getListOfAvailableEmployee()[pri:1, instance:com.automation.Rest.AppTest@3541cb24]" started-at="2022-09-11T19:20:31 IST" name="getListOfAvailableEmployee" finished-at="2022-09-11T19:20:35 IST" duration-ms="4185" status="PASS">
          <reporter-output>
          </reporter-output>
        </test-method> <!-- getListOfAvailableEmployee -->
        <test-method signature="getEmployeeByID()[pri:2, instance:com.automation.Rest.AppTest@3541cb24]" started-at="2022-09-11T19:20:35 IST" name="getEmployeeByID" finished-at="2022-09-11T19:20:36 IST" duration-ms="395" status="PASS">
          <reporter-output>
          </reporter-output>
        </test-method> <!-- getEmployeeByID -->
        <test-method signature="CreateEmployee()[pri:3, instance:com.automation.Rest.AppTest@3541cb24]" started-at="2022-09-11T19:20:36 IST" name="CreateEmployee" finished-at="2022-09-11T19:20:38 IST" duration-ms="1852" status="PASS">
          <reporter-output>
          </reporter-output>
        </test-method> <!-- CreateEmployee -->
        <test-method signature="updateJobValue()[pri:4, instance:com.automation.Rest.AppTest@3541cb24]" started-at="2022-09-11T19:20:38 IST" name="updateJobValue" finished-at="2022-09-11T19:20:38 IST" duration-ms="815" status="PASS">
          <reporter-output>
          </reporter-output>
        </test-method> <!-- updateJobValue -->
        <test-method signature="deleteEmployee()[pri:5, instance:com.automation.Rest.AppTest@3541cb24]" started-at="2022-09-11T19:20:38 IST" name="deleteEmployee" finished-at="2022-09-11T19:20:39 IST" duration-ms="669" status="PASS">
          <reporter-output>
          </reporter-output>
        </test-method> <!-- deleteEmployee -->
      </class> <!-- com.automation.Rest.AppTest -->
    </test> <!-- Default test -->
  </suite> <!-- Default suite -->
</testng-results>
